<?xml version="1.0" encoding="UTF-8"?>
<testsuite name="practice.tdd.chess.game.board.BishopMoveTest" tests="11" skipped="0" failures="0" errors="0" timestamp="2024-02-21T13:05:13" hostname="gimdonghyeon-ui-MacBookAir.local" time="0.037">
  <properties/>
  <testcase name="검은색 비숍이 상대팀 말이 있다면 이동 가능" classname="practice.tdd.chess.game.board.BishopMoveTest" time="0.026"/>
  <testcase name="검은색 비숍이 비정상적으로 빈 칸 이동" classname="practice.tdd.chess.game.board.BishopMoveTest" time="0.0"/>
  <testcase name="흰색 비숍이 비정상적으로 빈 칸 이동" classname="practice.tdd.chess.game.board.BishopMoveTest" time="0.001"/>
  <testcase name="검은색 비숍이 같은팀 말이 있다면 이동하지 못함" classname="practice.tdd.chess.game.board.BishopMoveTest" time="0.0"/>
  <testcase name="흰색 비숍이 같은팀 말이 있다면 이동하지 못함" classname="practice.tdd.chess.game.board.BishopMoveTest" time="0.0"/>
  <testcase name="검은색 비숍이 정상적으로 빈 칸 이동" classname="practice.tdd.chess.game.board.BishopMoveTest" time="0.0"/>
  <testcase name="범위 밖으로 나가면 예외 발생" classname="practice.tdd.chess.game.board.BishopMoveTest" time="0.0"/>
  <testcase name="검은색 비숍이 중간에 말이 있다면 이동하지 못함" classname="practice.tdd.chess.game.board.BishopMoveTest" time="0.0"/>
  <testcase name="흰색 비숍이 중간에 말이 있다면 이동하지 못함" classname="practice.tdd.chess.game.board.BishopMoveTest" time="0.0"/>
  <testcase name="흰색 비숍이 상대팀 말이 있다면 이동 가능" classname="practice.tdd.chess.game.board.BishopMoveTest" time="0.001"/>
  <testcase name="흰색 비숍이 정상적으로 빈 칸 이동" classname="practice.tdd.chess.game.board.BishopMoveTest" time="0.001"/>
  <system-out><![CDATA[]]></system-out>
  <system-err><![CDATA[]]></system-err>
</testsuite>
